<?xml version="1.0" encoding="UTF-8"?>
<testsuites name="Adjustment_testSuite" time="2.287" tests="0" failures="0" errors="0">
   <testsuite name="Adjustment_testSuite" tests="0" failures="0" errors="0" time="2.287" skipped="0" timestamp="2021-05-30 10:44:47" hostname="a.areiqat - areiqat-pc.pio-tech.com" id="Test Suites/Adjustment_testSuite">
      <properties>
         <property name="deviceName" value=""/>
         <property name="devicePlatform" value=""/>
         <property name="logFolder" value="C:\\Users\\a.areiqat\\git\\KatalonAdjustment\\Reports\\20210530_104426\\Adjustment_testSuite\\20210530_104433"/>
         <property name="logFiles" value="C:\\Users\\a.areiqat\\git\\KatalonAdjustment\\Reports\\20210530_104426\\Adjustment_testSuite\\20210530_104433\\execution0.log"/>
         <property name="attachments" value=""/>
         <property name="hostName" value="a.areiqat - areiqat-pc.pio-tech.com"/>
         <property name="hostAddress" value="172.27.192.1"/>
         <property name="os" value="Windows 10 64bit"/>
         <property name="katalonVersion" value="8.0.0.208"/>
      </properties>
      <system-out><![CDATA[2021-05-30 10:44:47 - [TEST_SUITE][PASSED] - Adjustment_testSuite: null]]></system-out>
      <system-err><![CDATA[]]></system-err>
   </testsuite>
</testsuites>
